+-------------------------------------------------+
| Grand Canonical Ensemble Monte Carlo Simulation |
+-------------------------------------------------+

Simulation Parameters:
  Temperature (K): 300
  Volume (ų): 0.000
  Chemical potentials: {'Ar': 0}
  Number of Insertion-Deletion moves: 10
  Interval instance to accept an Insertion Move: 1.5-3.0 ų
  Number of Displacement moves: 10
  Maximum Displacement distance: 0.2

Starting simulation...
------------------------------------------------------------
Step       N_atoms    Energy (eV)     Acceptance Ratios (Displ, Ins, Del)
0          10         0.000000        100.0%, 100.0%, 0.0%
10         53         -2.295848       94.0%, 89.7%, 0.0%  
20         88         -6.878331       89.7%, 84.5%, 0.0%  
30         115        -12.070559      84.3%, 78.6%, 0.0%  
40         141        -20.351641      81.4%, 71.4%, 0.0%  
50         173        -27.750281      79.7%, 65.6%, 0.0%  
60         195        -36.888230      78.1%, 61.2%, 0.0%  
70         217        -45.987851      77.2%, 57.3%, 0.0%  
80         230        -54.771327      76.2%, 54.1%, 0.0%  
90         245        -64.199197      74.3%, 51.3%, 0.0%  
100        258        -73.179441      72.9%, 48.9%, 0.0%  
