+-------------------------------------------------+
| Grand Canonical Ensemble Monte Carlo Simulation |
+-------------------------------------------------+

Simulation Parameters:
  Temperature (K): 400
  Volume (ų): 0.000
  Chemical potentials: {'Ar': 0}
  Number of Insertion-Deletion moves: 10
  Interval instance to accept an Insertion Move: 1.5-3.0 ų
  Number of Displacement moves: 10
  Maximum Displacement distance: 0.2

Starting simulation...
------------------------------------------------------------
Step       N_atoms    Energy (eV)     Acceptance Ratios (Displ, Ins, Del)
0          7          -0.022218       100.0%, 100.0%, 0.0%
10         54         -2.748097       94.2%, 81.5%, 0.0%  
20         87         -5.513411       90.2%, 72.9%, 0.0%  
30         113        -11.746558      84.9%, 71.8%, 0.0%  
40         140        -18.544961      81.5%, 68.1%, 0.0%  
50         166        -27.585317      79.5%, 65.7%, 0.0%  
60         183        -32.926324      77.2%, 59.5%, 0.0%  
70         204        -41.255389      75.4%, 56.9%, 0.0%  
80         211        -46.795275      74.1%, 52.8%, 0.0%  
90         230        -55.845669      73.1%, 50.7%, 0.0%  
100        244        -66.479412      72.3%, 48.1%, 0.0%  
