/home/energystorage/miniconda3/envs/alchemi/lib/python3.12/site-packages/e3nn/o3/_wigner.py:10: UserWarning: Environment variable TORCH_FORCE_NO_WEIGHTS_ONLY_LOAD detected, since the`weights_only` argument was not explicitly passed to `torch.load`, forcing weights_only=False.
  _Jd, _W3j_flat, _W3j_indices = torch.load(os.path.join(os.path.dirname(__file__), 'constants.pt'))
/home/energystorage/miniconda3/envs/alchemi/lib/python3.12/site-packages/torch/jit/_script.py:1488: DeprecationWarning: `torch.jit.script` is deprecated. Please switch to `torch.compile` or `torch.export`.
  warnings.warn(
/home/energystorage/miniconda3/envs/alchemi/lib/python3.12/site-packages/torch/jit/_script.py:365: DeprecationWarning: `torch.jit.script_method` is deprecated. Please switch to `torch.compile` or `torch.export`.
  warnings.warn(
Using medium MPA-0 model as default MACE-MP model, to use previous (before 3.10) default model please specify 'medium' as model argument
/home/energystorage/miniconda3/envs/alchemi/lib/python3.12/site-packages/torch/jit/_serialization.py:176: DeprecationWarning: `torch.jit.load` is deprecated. Please switch to `torch.export`.
  warnings.warn(
/home/energystorage/miniconda3/envs/alchemi/lib/python3.12/site-packages/torch/jit/_serialization.py:176: DeprecationWarning: `torch.jit.load` is deprecated. Please switch to `torch.export`.
  warnings.warn(
/home/energystorage/miniconda3/envs/alchemi/lib/python3.12/site-packages/torch/jit/_serialization.py:176: DeprecationWarning: `torch.jit.load` is deprecated. Please switch to `torch.export`.
  warnings.warn(
/home/energystorage/miniconda3/envs/alchemi/lib/python3.12/site-packages/mace/modules/models.py:85: UserWarning: To copy construct from a tensor, it is recommended to use sourceTensor.detach().clone() or sourceTensor.detach().clone().requires_grad_(True), rather than torch.tensor(sourceTensor).
  "atomic_numbers", torch.tensor(atomic_numbers, dtype=torch.int64)
/home/energystorage/miniconda3/envs/alchemi/lib/python3.12/site-packages/torch/_inductor/compile_fx.py:320: UserWarning: TensorFloat32 tensor cores for float32 matrix multiplication available but not enabled. Consider setting `torch.set_float32_matmul_precision('high')` for better performance.
  warnings.warn(
[setup] 44.78s | replicas=12 T=['300', '364', '441', '535', '649', '786', '954', '1156', '1402', '1700', '2062', '2500']
2026-05-22 11:41:58,371 mcpy.ensembles.base_ensemble INFO: GCMC starting: T=300.0 K, mu={'Pt': 0.0, 'Cu': 0.0}, outfile=scratch/ptcu_long/gcmc_PtCu201_T300_rank0.out
2026-05-22 11:41:58,371 mcpy.ensembles.base_ensemble INFO: GCMC starting: T=363.7743308632416 K, mu={'Pt': 0.0, 'Cu': 0.0}, outfile=scratch/ptcu_long/gcmc_PtCu201_T363_rank1.out
2026-05-22 11:41:58,371 mcpy.ensembles.base_ensemble INFO: GCMC starting: T=441.10587931666413 K, mu={'Pt': 0.0, 'Cu': 0.0}, outfile=scratch/ptcu_long/gcmc_PtCu201_T441_rank2.out
2026-05-22 11:41:58,372 mcpy.ensembles.base_ensemble INFO: GCMC starting: T=534.8766536275374 K, mu={'Pt': 0.0, 'Cu': 0.0}, outfile=scratch/ptcu_long/gcmc_PtCu201_T534_rank3.out
2026-05-22 11:41:58,372 mcpy.ensembles.base_ensemble INFO: GCMC starting: T=648.5813225590913 K, mu={'Pt': 0.0, 'Cu': 0.0}, outfile=scratch/ptcu_long/gcmc_PtCu201_T648_rank4.out
2026-05-22 11:41:58,372 mcpy.ensembles.base_ensemble INFO: GCMC starting: T=786.4574554144319 K, mu={'Pt': 0.0, 'Cu': 0.0}, outfile=scratch/ptcu_long/gcmc_PtCu201_T786_rank5.out
2026-05-22 11:41:58,372 mcpy.ensembles.base_ensemble INFO: GCMC starting: T=953.6434486526417 K, mu={'Pt': 0.0, 'Cu': 0.0}, outfile=scratch/ptcu_long/gcmc_PtCu201_T953_rank6.out
2026-05-22 11:41:58,373 mcpy.ensembles.base_ensemble INFO: GCMC starting: T=1156.3700247190957 K, mu={'Pt': 0.0, 'Cu': 0.0}, outfile=scratch/ptcu_long/gcmc_PtCu201_T1156_rank7.out
2026-05-22 11:41:58,373 mcpy.ensembles.base_ensemble INFO: GCMC starting: T=1402.1924399083314 K, mu={'Pt': 0.0, 'Cu': 0.0}, outfile=scratch/ptcu_long/gcmc_PtCu201_T1402_rank8.out
2026-05-22 11:41:58,373 mcpy.ensembles.base_ensemble INFO: GCMC starting: T=1700.2720552304988 K, mu={'Pt': 0.0, 'Cu': 0.0}, outfile=scratch/ptcu_long/gcmc_PtCu201_T1700_rank9.out
2026-05-22 11:41:58,373 mcpy.ensembles.base_ensemble INFO: GCMC starting: T=2061.717763923143 K, mu={'Pt': 0.0, 'Cu': 0.0}, outfile=scratch/ptcu_long/gcmc_PtCu201_T2061_rank10.out
2026-05-22 11:41:58,374 mcpy.ensembles.base_ensemble INFO: GCMC starting: T=2500.0 K, mu={'Pt': 0.0, 'Cu': 0.0}, outfile=scratch/ptcu_long/gcmc_PtCu201_T2500_rank11.out
